<?xml version="1.0" encoding="UTF-8"?>
<testsuite name="br.com.rest.veiculo.controller.VehicleControllerTest" time="1.522" tests="8" errors="0" skipped="0" failures="0">
  <properties>
    <property name="java.runtime.name" value="Java(TM) SE Runtime Environment"/>
    <property name="sun.boot.library.path" value="C:\java\jdk\1.8.0_101\jdk1.8.0_101\jre\bin"/>
    <property name="java.vm.version" value="25.101-b13"/>
    <property name="java.vm.vendor" value="Oracle Corporation"/>
    <property name="java.vendor.url" value="http://java.oracle.com/"/>
    <property name="path.separator" value=";"/>
    <property name="guice.disable.misplaced.annotation.check" value="true"/>
    <property name="java.vm.name" value="Java HotSpot(TM) 64-Bit Server VM"/>
    <property name="file.encoding.pkg" value="sun.io"/>
    <property name="user.script" value=""/>
    <property name="user.country" value="BR"/>
    <property name="sun.java.launcher" value="SUN_STANDARD"/>
    <property name="sun.os.patch.level" value="Service Pack 1"/>
    <property name="java.vm.specification.name" value="Java Virtual Machine Specification"/>
    <property name="user.dir" value="C:\projects\jobs\veiculo-rest"/>
    <property name="java.runtime.version" value="1.8.0_101-b13"/>
    <property name="java.awt.graphicsenv" value="sun.awt.Win32GraphicsEnvironment"/>
    <property name="java.endorsed.dirs" value="C:\java\jdk\1.8.0_101\jdk1.8.0_101\jre\lib\endorsed"/>
    <property name="os.arch" value="amd64"/>
    <property name="java.io.tmpdir" value="C:\Users\FERNAN~1\AppData\Local\Temp\"/>
    <property name="line.separator" value="&#10;"/>
    <property name="java.vm.specification.vendor" value="Oracle Corporation"/>
    <property name="user.variant" value=""/>
    <property name="os.name" value="Windows 7"/>
    <property name="classworlds.conf" value="C:\java\maven\apache-maven-3.0.5\bin\..\bin\m2.conf"/>
    <property name="sun.jnu.encoding" value="Cp1252"/>
    <property name="java.library.path" value="C:\java\jdk\1.8.0_101\jdk1.8.0_101\bin;C:\Windows\Sun\Java\bin;C:\Windows\system32;C:\Windows;C:\ProgramData\Oracle\Java\javapath;C:\Windows\system32;C:\Windows;C:\Windows\System32\Wbem;C:\Windows\System32\WindowsPowerShell\v1.0\;C:\java\jdk\1.7.0_71\jdk1.7.0_71\bin;C:\Program Files\TortoiseSVN\bin;C:\java\maven\apache-maven-3.0.5\bin;c:\Program Files (x86)\Microsoft SQL Server\100\Tools\Binn\VSShell\Common7\IDE\;c:\Program Files (x86)\Microsoft SQL Server\100\Tools\Binn\;c:\Program Files\Microsoft SQL Server\100\Tools\Binn\;c:\Program Files (x86)\Microsoft SQL Server\100\DTS\Binn\;C:\Program Files (x86)\NICE Systems\NICE Player Release 3\;C:\Program Files\Git\cmd;C:\Program Files\nodejs\;C:\php-5.6.32\;C:\ProgramData\ComposerSetup\bin;C:\Program Files\MySQL\MySQL Utilities 1.6\;C:\Users\fernando_ferre\AppData\Roaming\npm;C:\Users\fernando_ferre\AppData\Roaming\Composer\vendor\bin;."/>
    <property name="java.specification.name" value="Java Platform API Specification"/>
    <property name="java.class.version" value="52.0"/>
    <property name="sun.management.compiler" value="HotSpot 64-Bit Tiered Compilers"/>
    <property name="os.version" value="6.1"/>
    <property name="user.home" value="C:\Users\fernando_ferre"/>
    <property name="user.timezone" value="America/Sao_Paulo"/>
    <property name="java.awt.printerjob" value="sun.awt.windows.WPrinterJob"/>
    <property name="java.specification.version" value="1.8"/>
    <property name="file.encoding" value="Cp1252"/>
    <property name="user.name" value="fernando_ferre"/>
    <property name="java.class.path" value="C:\java\maven\apache-maven-3.0.5\bin\..\boot\plexus-classworlds-2.4.jar"/>
    <property name="java.vm.specification.version" value="1.8"/>
    <property name="sun.arch.data.model" value="64"/>
    <property name="java.home" value="C:\java\jdk\1.8.0_101\jdk1.8.0_101\jre"/>
    <property name="sun.java.command" value="org.codehaus.plexus.classworlds.launcher.Launcher clean install"/>
    <property name="java.specification.vendor" value="Oracle Corporation"/>
    <property name="user.language" value="pt"/>
    <property name="awt.toolkit" value="sun.awt.windows.WToolkit"/>
    <property name="java.vm.info" value="mixed mode"/>
    <property name="java.version" value="1.8.0_101"/>
    <property name="java.ext.dirs" value="C:\java\jdk\1.8.0_101\jdk1.8.0_101\jre\lib\ext;C:\Windows\Sun\Java\lib\ext"/>
    <property name="sun.boot.class.path" value="C:\java\jdk\1.8.0_101\jdk1.8.0_101\jre\lib\resources.jar;C:\java\jdk\1.8.0_101\jdk1.8.0_101\jre\lib\rt.jar;C:\java\jdk\1.8.0_101\jdk1.8.0_101\jre\lib\sunrsasign.jar;C:\java\jdk\1.8.0_101\jdk1.8.0_101\jre\lib\jsse.jar;C:\java\jdk\1.8.0_101\jdk1.8.0_101\jre\lib\jce.jar;C:\java\jdk\1.8.0_101\jdk1.8.0_101\jre\lib\charsets.jar;C:\java\jdk\1.8.0_101\jdk1.8.0_101\jre\lib\jfr.jar;C:\java\jdk\1.8.0_101\jdk1.8.0_101\jre\classes"/>
    <property name="sun.stderr.encoding" value="cp850"/>
    <property name="java.vendor" value="Oracle Corporation"/>
    <property name="maven.home" value="C:\java\maven\apache-maven-3.0.5\bin\.."/>
    <property name="file.separator" value="\"/>
    <property name="java.vendor.url.bug" value="http://bugreport.sun.com/bugreport/"/>
    <property name="sun.cpu.endian" value="little"/>
    <property name="sun.io.unicode.encoding" value="UnicodeLittle"/>
    <property name="sun.stdout.encoding" value="cp850"/>
    <property name="sun.desktop" value="windows"/>
    <property name="sun.cpu.isalist" value="amd64"/>
  </properties>
  <testcase name="createWhenYearLessThanZeroShouldReturnStatusCode400" classname="br.com.rest.veiculo.controller.VehicleControllerTest" time="1.186"/>
  <testcase name="deleteWhenUserHasRoleAdminAndVehicleExistsShouldReturnStatusCode200" classname="br.com.rest.veiculo.controller.VehicleControllerTest" time="0.056"/>
  <testcase name="createWhenBrandIsNullShouldReturnStatusCode400" classname="br.com.rest.veiculo.controller.VehicleControllerTest" time="0.024"/>
  <testcase name="deleteWhenUserDoesNotHaveRoleAdminShouldReturnStatusCode403" classname="br.com.rest.veiculo.controller.VehicleControllerTest" time="0.053"/>
  <testcase name="getVehicleByIdWhenUsernameAndPasswordAreCorrectShouldReturnStatusCode200" classname="br.com.rest.veiculo.controller.VehicleControllerTest" time="0.044"/>
  <testcase name="deleteWhenUserHasRoleAdminAndVehicleDoesNotExistShouldReturnStatusCode404" classname="br.com.rest.veiculo.controller.VehicleControllerTest" time="0.083"/>
  <testcase name="createShouldPersistDataAndReturnStatusCode201" classname="br.com.rest.veiculo.controller.VehicleControllerTest" time="0.046"/>
  <testcase name="getAllVehiclesWhenUsernameAndPasswordAreIncorrectShouldReturnStatusCode401" classname="br.com.rest.veiculo.controller.VehicleControllerTest" time="0.03"/>
</testsuite>